
> dribdoweb@0.1.0 dev
> next dev --webpack

▲ Next.js 16.1.6 (webpack)
- Local:         http://localhost:3000
- Network:       http://192.168.170.130:3000
- Environments: .env.local

✓ Starting...
✓ Ready in 3.7s
○ Compiling / ...
 GET / 200 in 16.8s (compile: 14.6s, render: 2.2s)
 GET /deletion 200 in 1683ms (compile: 1533ms, render: 150ms)
 GET /complaints 200 in 1249ms (compile: 1133ms, render: 116ms)
 GET /report-issue 200 in 1196ms (compile: 1089ms, render: 107ms)
 GET /contact 200 in 1187ms (compile: 1095ms, render: 92ms)
 GET /help-center 200 in 2.2s (compile: 2.0s, render: 143ms)
 GET /service-policies/tools 200 in 1590ms (compile: 1422ms, render: 168ms)
 GET /faq 200 in 1441ms (compile: 1326ms, render: 115ms)
 GET /features 200 in 1549ms (compile: 1286ms, render: 263ms)
 GET /about 200 in 1533ms (compile: 1421ms, render: 112ms)
 GET / 200 in 258ms (compile: 39ms, render: 219ms)
 GET / 200 in 455ms (compile: 30ms, render: 425ms)
